c:\source\data\restaurantmanagementsystem\restaura.a97946b3\x64\debug\vc143.pdb
c:\source\data\restaurantmanagementsystem\restaura.a97946b3\x64\debug\vc143.idb
c:\source\data\restaurantmanagementsystem\restaura.a97946b3\x64\debug\restaurantmanagement.obj
c:\source\data\restaurantmanagementsystem\restaura.a97946b3\x64\debug\restaurantmanagementsystem.ilk
c:\source\data\restaurantmanagementsystem\x64\debug\restaurantmanagementsystem.pdb
c:\source\data\restaurantmanagementsystem\restaura.a97946b3\x64\debug\restaura.a97946b3.tlog\cl.command.1.tlog
c:\source\data\restaurantmanagementsystem\restaura.a97946b3\x64\debug\restaura.a97946b3.tlog\cl.items.tlog
c:\source\data\restaurantmanagementsystem\restaura.a97946b3\x64\debug\restaura.a97946b3.tlog\cl.read.1.tlog
c:\source\data\restaurantmanagementsystem\restaura.a97946b3\x64\debug\restaura.a97946b3.tlog\cl.write.1.tlog
c:\source\data\restaurantmanagementsystem\restaura.a97946b3\x64\debug\restaura.a97946b3.tlog\link-cvtres.read.1.tlog
c:\source\data\restaurantmanagementsystem\restaura.a97946b3\x64\debug\restaura.a97946b3.tlog\link-cvtres.write.1.tlog
c:\source\data\restaurantmanagementsystem\restaura.a97946b3\x64\debug\restaura.a97946b3.tlog\link-rc.read.1.tlog
c:\source\data\restaurantmanagementsystem\restaura.a97946b3\x64\debug\restaura.a97946b3.tlog\link-rc.write.1.tlog
c:\source\data\restaurantmanagementsystem\restaura.a97946b3\x64\debug\restaura.a97946b3.tlog\link.5860-cvtres.read.1.tlog
c:\source\data\restaurantmanagementsystem\restaura.a97946b3\x64\debug\restaura.a97946b3.tlog\link.5860-cvtres.write.1.tlog
c:\source\data\restaurantmanagementsystem\restaura.a97946b3\x64\debug\restaura.a97946b3.tlog\link.5860-rc.read.1.tlog
c:\source\data\restaurantmanagementsystem\restaura.a97946b3\x64\debug\restaura.a97946b3.tlog\link.5860-rc.write.1.tlog
c:\source\data\restaurantmanagementsystem\restaura.a97946b3\x64\debug\restaura.a97946b3.tlog\link.5860.read.1.tlog
c:\source\data\restaurantmanagementsystem\restaura.a97946b3\x64\debug\restaura.a97946b3.tlog\link.5860.read.2.tlog
c:\source\data\restaurantmanagementsystem\restaura.a97946b3\x64\debug\restaura.a97946b3.tlog\link.5860.read.3.tlog
c:\source\data\restaurantmanagementsystem\restaura.a97946b3\x64\debug\restaura.a97946b3.tlog\link.5860.read.4.tlog
c:\source\data\restaurantmanagementsystem\restaura.a97946b3\x64\debug\restaura.a97946b3.tlog\link.5860.write.1.tlog
c:\source\data\restaurantmanagementsystem\restaura.a97946b3\x64\debug\restaura.a97946b3.tlog\link.command.1.tlog
c:\source\data\restaurantmanagementsystem\restaura.a97946b3\x64\debug\restaura.a97946b3.tlog\link.read.1.tlog
c:\source\data\restaurantmanagementsystem\restaura.a97946b3\x64\debug\restaura.a97946b3.tlog\link.read.2.tlog
c:\source\data\restaurantmanagementsystem\restaura.a97946b3\x64\debug\restaura.a97946b3.tlog\link.read.3.tlog
c:\source\data\restaurantmanagementsystem\restaura.a97946b3\x64\debug\restaura.a97946b3.tlog\link.read.4.tlog
c:\source\data\restaurantmanagementsystem\restaura.a97946b3\x64\debug\restaura.a97946b3.tlog\link.secondary.1.tlog
c:\source\data\restaurantmanagementsystem\restaura.a97946b3\x64\debug\restaura.a97946b3.tlog\link.write.1.tlog
